<?xml version="1.0" encoding="UTF-8"?>
<testng-results ignored="0" total="1" passed="1" failed="0" skipped="0">
  <reporter-output>
  </reporter-output>
  <suite started-at="2020-06-13T18:08:18 CST" name="login suite" finished-at="2020-06-13T18:08:34 CST" duration-ms="16578">
    <groups>
    </groups>
    <test started-at="2020-06-13T18:08:18 CST" name="user_login" finished-at="2020-06-13T18:08:34 CST" duration-ms="16578">
      <class name="clase_3">
        <test-method signature="user_login(java.lang.String, java.lang.String)[pri:0, instance:clase_3@1a1d3c1a]" started-at="2020-06-13T18:08:18 CST" name="user_login" finished-at="2020-06-13T18:08:34 CST" duration-ms="16048" status="PASS">
          <params>
            <param index="0">
              <value>
                <![CDATA[alexgf08@gmail.com]]>
              </value>
            </param>
            <param index="1">
              <value>
                <![CDATA[Test123]]>
              </value>
            </param>
          </params>
          <reporter-output>
          </reporter-output>
        </test-method> <!-- user_login -->
      </class> <!-- clase_3 -->
    </test> <!-- user_login -->
  </suite> <!-- login suite -->
</testng-results>
